<?xml version="1.0" encoding="UTF-8"?>
<!-- Generated by org.testng.reporters.JUnitReportReporter -->
<testsuite skipped="0" hostname="luvsbluemuthu" name="TestNG.TestSuite" tests="2" failures="0" timestamp="17 Nov 2021 07:27:30 GMT" time="0.035" errors="0">
  <testcase name="youtube" time="0.031" classname="TestNG.TestSuite"/>
  <testcase name="google" time="0.004" classname="TestNG.TestSuite"/>
</testsuite> <!-- TestNG.TestSuite -->
